<?xml version="1.0" encoding="UTF-8"?>
<testsuite name="org.javaguru.travel.insurance.core.repositories.AgeCoefficientRepositoryTest" tests="8" skipped="0" failures="0" errors="0" timestamp="2025-03-28T13:06:38" hostname="Nikita.lan" time="0.405">
  <properties/>
  <testcase name="[1] classifierTitle=4, ic=1.1" classname="org.javaguru.travel.insurance.core.repositories.AgeCoefficientRepositoryTest" time="0.369"/>
  <testcase name="[2] classifierTitle=8, ic=0.7" classname="org.javaguru.travel.insurance.core.repositories.AgeCoefficientRepositoryTest" time="0.005"/>
  <testcase name="[3] classifierTitle=15, ic=1.0" classname="org.javaguru.travel.insurance.core.repositories.AgeCoefficientRepositoryTest" time="0.004"/>
  <testcase name="[4] classifierTitle=25, ic=1.1" classname="org.javaguru.travel.insurance.core.repositories.AgeCoefficientRepositoryTest" time="0.003"/>
  <testcase name="[5] classifierTitle=45, ic=1.2" classname="org.javaguru.travel.insurance.core.repositories.AgeCoefficientRepositoryTest" time="0.005"/>
  <testcase name="[6] classifierTitle=70, ic=1.5" classname="org.javaguru.travel.insurance.core.repositories.AgeCoefficientRepositoryTest" time="0.004"/>
  <testcase name="shouldNotFind_RiskType_FAKE()" classname="org.javaguru.travel.insurance.core.repositories.AgeCoefficientRepositoryTest" time="0.004"/>
  <testcase name="Test: Classifier table is present" classname="org.javaguru.travel.insurance.core.repositories.AgeCoefficientRepositoryTest" time="0.003"/>
  <system-out><![CDATA[17:06:36,013 |-INFO in ch.qos.logback.classic.LoggerContext[default] - This is logback-classic version 1.4.14
17:06:36,014 |-INFO in ch.qos.logback.classic.util.ContextInitializer@41925502 - Here is a list of configurators discovered as a service, by rank: 
17:06:36,014 |-INFO in ch.qos.logback.classic.util.ContextInitializer@41925502 -   org.springframework.boot.logging.logback.RootLogLevelConfigurator
17:06:36,014 |-INFO in ch.qos.logback.classic.util.ContextInitializer@41925502 - They will be invoked in order until ExecutionStatus.DO_NOT_INVOKE_NEXT_IF_ANY is returned.
17:06:36,014 |-INFO in ch.qos.logback.classic.util.ContextInitializer@41925502 - Constructed configurator of type class org.springframework.boot.logging.logback.RootLogLevelConfigurator
17:06:36,019 |-INFO in ch.qos.logback.classic.util.ContextInitializer@41925502 - org.springframework.boot.logging.logback.RootLogLevelConfigurator.configure() call lasted 0 milliseconds. ExecutionStatus=INVOKE_NEXT_IF_ANY
17:06:36,019 |-INFO in ch.qos.logback.classic.util.ContextInitializer@41925502 - Trying to configure with ch.qos.logback.classic.joran.SerializedModelConfigurator
17:06:36,020 |-INFO in ch.qos.logback.classic.util.ContextInitializer@41925502 - Constructed configurator of type class ch.qos.logback.classic.joran.SerializedModelConfigurator
17:06:36,021 |-INFO in ch.qos.logback.classic.LoggerContext[default] - Could NOT find resource [logback-test.scmo]
17:06:36,021 |-INFO in ch.qos.logback.classic.LoggerContext[default] - Could NOT find resource [logback.scmo]
17:06:36,021 |-INFO in ch.qos.logback.classic.util.ContextInitializer@41925502 - ch.qos.logback.classic.joran.SerializedModelConfigurator.configure() call lasted 1 milliseconds. ExecutionStatus=INVOKE_NEXT_IF_ANY
17:06:36,021 |-INFO in ch.qos.logback.classic.util.ContextInitializer@41925502 - Trying to configure with ch.qos.logback.classic.util.DefaultJoranConfigurator
17:06:36,021 |-INFO in ch.qos.logback.classic.util.ContextInitializer@41925502 - Constructed configurator of type class ch.qos.logback.classic.util.DefaultJoranConfigurator
17:06:36,021 |-INFO in ch.qos.logback.classic.LoggerContext[default] - Could NOT find resource [logback-test.xml]
17:06:36,022 |-INFO in ch.qos.logback.classic.LoggerContext[default] - Found resource [logback.xml] at [file:/Users/a---/Desktop/My%20files/intelliJ%20IDEA%20FILE/InsurancePremiumServiceV2/V2/build/resources/main/logback.xml]
17:06:36,065 |-INFO in ch.qos.logback.core.model.processor.AppenderModelHandler - Processing appender named [CONSOLE]
17:06:36,065 |-INFO in ch.qos.logback.core.model.processor.AppenderModelHandler - About to instantiate appender of type [ch.qos.logback.core.ConsoleAppender]
17:06:36,067 |-INFO in ch.qos.logback.core.model.processor.ImplicitModelHandler - Assuming default type [ch.qos.logback.classic.encoder.PatternLayoutEncoder] for [encoder] property
17:06:36,077 |-INFO in ch.qos.logback.core.model.processor.AppenderModelHandler - Processing appender named [FILE_APPENDER]
17:06:36,077 |-INFO in ch.qos.logback.core.model.processor.AppenderModelHandler - About to instantiate appender of type [ch.qos.logback.core.rolling.RollingFileAppender]
17:06:36,079 |-INFO in ch.qos.logback.core.model.processor.ImplicitModelHandler - Assuming default type [ch.qos.logback.classic.encoder.PatternLayoutEncoder] for [encoder] property
17:06:36,082 |-INFO in c.q.l.core.rolling.TimeBasedRollingPolicy@333693383 - No compression will be used
17:06:36,083 |-INFO in c.q.l.core.rolling.TimeBasedRollingPolicy@333693383 - Will use the pattern LOGS/archived/application-logger-%d{yyyy-MM-dd}.%i.log for the active file
17:06:36,084 |-INFO in ch.qos.logback.core.rolling.SizeAndTimeBasedFNATP@5316e95f - The date pattern is 'yyyy-MM-dd' from file name pattern 'LOGS/archived/application-logger-%d{yyyy-MM-dd}.%i.log'.
17:06:36,084 |-INFO in ch.qos.logback.core.rolling.SizeAndTimeBasedFNATP@5316e95f - Roll-over at midnight.
17:06:36,084 |-INFO in ch.qos.logback.core.rolling.SizeAndTimeBasedFNATP@5316e95f - Setting initial period to 2025-03-27T22:59:33.115Z
17:06:36,084 |-WARN in ch.qos.logback.core.rolling.SizeAndTimeBasedFNATP@5316e95f - SizeAndTimeBasedFNATP is deprecated. Use SizeAndTimeBasedRollingPolicy instead
17:06:36,084 |-WARN in ch.qos.logback.core.rolling.SizeAndTimeBasedFNATP@5316e95f - For more information see http://logback.qos.ch/manual/appenders.html#SizeAndTimeBasedRollingPolicy
17:06:36,086 |-INFO in ch.qos.logback.core.rolling.RollingFileAppender[FILE_APPENDER] - Active log file name: LOGS/application-logger.log
17:06:36,086 |-INFO in ch.qos.logback.core.rolling.RollingFileAppender[FILE_APPENDER] - File property is set to [LOGS/application-logger.log]
17:06:36,087 |-INFO in ch.qos.logback.core.model.processor.AppenderModelHandler - Processing appender named [REQUEST_RESPONSE_FILE_APPENDER]
17:06:36,087 |-INFO in ch.qos.logback.core.model.processor.AppenderModelHandler - About to instantiate appender of type [ch.qos.logback.core.rolling.RollingFileAppender]
17:06:36,087 |-INFO in ch.qos.logback.core.model.processor.ImplicitModelHandler - Assuming default type [ch.qos.logback.classic.encoder.PatternLayoutEncoder] for [encoder] property
17:06:36,087 |-INFO in c.q.l.core.rolling.TimeBasedRollingPolicy@1057307776 - No compression will be used
17:06:36,087 |-INFO in c.q.l.core.rolling.TimeBasedRollingPolicy@1057307776 - Will use the pattern LOGS/archived/request-response-logger-%d{yyyy-MM-dd}.%i.log for the active file
17:06:36,088 |-INFO in ch.qos.logback.core.rolling.SizeAndTimeBasedFNATP@6c6c5427 - The date pattern is 'yyyy-MM-dd' from file name pattern 'LOGS/archived/request-response-logger-%d{yyyy-MM-dd}.%i.log'.
17:06:36,088 |-INFO in ch.qos.logback.core.rolling.SizeAndTimeBasedFNATP@6c6c5427 - Roll-over at midnight.
17:06:36,088 |-INFO in ch.qos.logback.core.rolling.SizeAndTimeBasedFNATP@6c6c5427 - Setting initial period to 2025-03-27T22:59:32.974Z
17:06:36,088 |-WARN in ch.qos.logback.core.rolling.SizeAndTimeBasedFNATP@6c6c5427 - SizeAndTimeBasedFNATP is deprecated. Use SizeAndTimeBasedRollingPolicy instead
17:06:36,088 |-WARN in ch.qos.logback.core.rolling.SizeAndTimeBasedFNATP@6c6c5427 - For more information see http://logback.qos.ch/manual/appenders.html#SizeAndTimeBasedRollingPolicy
17:06:36,088 |-INFO in ch.qos.logback.core.rolling.RollingFileAppender[REQUEST_RESPONSE_FILE_APPENDER] - Active log file name: LOGS/request-response-logger.log
17:06:36,088 |-INFO in ch.qos.logback.core.rolling.RollingFileAppender[REQUEST_RESPONSE_FILE_APPENDER] - File property is set to [LOGS/request-response-logger.log]
17:06:36,088 |-INFO in ch.qos.logback.classic.model.processor.RootLoggerModelHandler - Setting level of ROOT logger to INFO
17:06:36,088 |-INFO in ch.qos.logback.core.model.processor.AppenderRefModelHandler - Attaching appender named [FILE_APPENDER] to Logger[ROOT]
17:06:36,088 |-INFO in ch.qos.logback.core.model.processor.AppenderRefModelHandler - Attaching appender named [CONSOLE] to Logger[ROOT]
17:06:36,089 |-INFO in ch.qos.logback.classic.model.processor.LoggerModelHandler - Setting level of logger [org.javaguru.travel.insurance.rest.logger.EventLoggerTravelCalculatePremiumRequest] to INFO
17:06:36,089 |-INFO in ch.qos.logback.core.model.processor.AppenderRefModelHandler - Attaching appender named [REQUEST_RESPONSE_FILE_APPENDER] to Logger[org.javaguru.travel.insurance.rest.logger.EventLoggerTravelCalculatePremiumRequest]
17:06:36,089 |-INFO in ch.qos.logback.classic.model.processor.LoggerModelHandler - Setting level of logger [org.javaguru.travel.insurance.rest.logger.EventLoggerTravelCalculatePremiumResponse] to INFO
17:06:36,089 |-INFO in ch.qos.logback.core.model.processor.AppenderRefModelHandler - Attaching appender named [REQUEST_RESPONSE_FILE_APPENDER] to Logger[org.javaguru.travel.insurance.rest.logger.EventLoggerTravelCalculatePremiumResponse]
17:06:36,089 |-INFO in ch.qos.logback.core.model.processor.DefaultProcessor@618c5d94 - End of configuration.
17:06:36,089 |-INFO in ch.qos.logback.classic.joran.JoranConfigurator@5b40ceb - Registering current configuration as safe fallback point
17:06:36,089 |-INFO in ch.qos.logback.classic.util.ContextInitializer@41925502 - ch.qos.logback.classic.util.DefaultJoranConfigurator.configure() call lasted 68 milliseconds. ExecutionStatus=DO_NOT_INVOKE_NEXT_IF_ANY

17:06:36.134 [Test worker] ?[34mINFO ?[0;39m ?[36mo.s.t.c.s.AnnotationConfigContextLoaderUtils?[0;39m – Could not detect default configuration classes for test class [org.javaguru.travel.insurance.core.repositories.AgeCoefficientRepositoryTest]: AgeCoefficientRepositoryTest does not declare any static, non-private, non-final, nested classes annotated with @Configuration.
17:06:36.213 [Test worker] ?[34mINFO ?[0;39m ?[36mo.s.b.t.c.SpringBootTestContextBootstrapper?[0;39m – Found @SpringBootConfiguration org.javaguru.travel.insurance.InsuranceApplication for test class org.javaguru.travel.insurance.core.repositories.AgeCoefficientRepositoryTest
17:06:36,347 |-INFO in ch.qos.logback.core.model.processor.AppenderModelHandler - Processing appender named [CONSOLE]
17:06:36,347 |-INFO in ch.qos.logback.core.model.processor.AppenderModelHandler - About to instantiate appender of type [ch.qos.logback.core.ConsoleAppender]
17:06:36,347 |-INFO in ch.qos.logback.core.model.processor.ImplicitModelHandler - Assuming default type [ch.qos.logback.classic.encoder.PatternLayoutEncoder] for [encoder] property
17:06:36,347 |-INFO in ch.qos.logback.core.model.processor.AppenderModelHandler - Processing appender named [FILE_APPENDER]
17:06:36,347 |-INFO in ch.qos.logback.core.model.processor.AppenderModelHandler - About to instantiate appender of type [ch.qos.logback.core.rolling.RollingFileAppender]
17:06:36,347 |-INFO in ch.qos.logback.core.model.processor.ImplicitModelHandler - Assuming default type [ch.qos.logback.classic.encoder.PatternLayoutEncoder] for [encoder] property
17:06:36,348 |-INFO in c.q.l.core.rolling.TimeBasedRollingPolicy@1380361139 - No compression will be used
17:06:36,348 |-INFO in c.q.l.core.rolling.TimeBasedRollingPolicy@1380361139 - Will use the pattern LOGS/archived/application-logger-%d{yyyy-MM-dd}.%i.log for the active file
17:06:36,348 |-INFO in ch.qos.logback.core.rolling.SizeAndTimeBasedFNATP@ba354ca - The date pattern is 'yyyy-MM-dd' from file name pattern 'LOGS/archived/application-logger-%d{yyyy-MM-dd}.%i.log'.
17:06:36,348 |-INFO in ch.qos.logback.core.rolling.SizeAndTimeBasedFNATP@ba354ca - Roll-over at midnight.
17:06:36,348 |-INFO in ch.qos.logback.core.rolling.SizeAndTimeBasedFNATP@ba354ca - Setting initial period to 2025-03-28T13:06:36.213Z
17:06:36,348 |-WARN in ch.qos.logback.core.rolling.SizeAndTimeBasedFNATP@ba354ca - SizeAndTimeBasedFNATP is deprecated. Use SizeAndTimeBasedRollingPolicy instead
17:06:36,348 |-WARN in ch.qos.logback.core.rolling.SizeAndTimeBasedFNATP@ba354ca - For more information see http://logback.qos.ch/manual/appenders.html#SizeAndTimeBasedRollingPolicy
17:06:36,348 |-INFO in ch.qos.logback.core.rolling.RollingFileAppender[FILE_APPENDER] - Active log file name: LOGS/application-logger.log
17:06:36,348 |-INFO in ch.qos.logback.core.rolling.RollingFileAppender[FILE_APPENDER] - File property is set to [LOGS/application-logger.log]
17:06:36,348 |-INFO in ch.qos.logback.core.model.processor.AppenderModelHandler - Processing appender named [REQUEST_RESPONSE_FILE_APPENDER]
17:06:36,348 |-INFO in ch.qos.logback.core.model.processor.AppenderModelHandler - About to instantiate appender of type [ch.qos.logback.core.rolling.RollingFileAppender]
17:06:36,348 |-INFO in ch.qos.logback.core.model.processor.ImplicitModelHandler - Assuming default type [ch.qos.logback.classic.encoder.PatternLayoutEncoder] for [encoder] property
17:06:36,349 |-INFO in c.q.l.core.rolling.TimeBasedRollingPolicy@1280263013 - No compression will be used
17:06:36,349 |-INFO in c.q.l.core.rolling.TimeBasedRollingPolicy@1280263013 - Will use the pattern LOGS/archived/request-response-logger-%d{yyyy-MM-dd}.%i.log for the active file
17:06:36,349 |-INFO in ch.qos.logback.core.rolling.SizeAndTimeBasedFNATP@acf859d - The date pattern is 'yyyy-MM-dd' from file name pattern 'LOGS/archived/request-response-logger-%d{yyyy-MM-dd}.%i.log'.
17:06:36,349 |-INFO in ch.qos.logback.core.rolling.SizeAndTimeBasedFNATP@acf859d - Roll-over at midnight.
17:06:36,349 |-INFO in ch.qos.logback.core.rolling.SizeAndTimeBasedFNATP@acf859d - Setting initial period to 2025-03-27T22:59:32.974Z
17:06:36,349 |-WARN in ch.qos.logback.core.rolling.SizeAndTimeBasedFNATP@acf859d - SizeAndTimeBasedFNATP is deprecated. Use SizeAndTimeBasedRollingPolicy instead
17:06:36,349 |-WARN in ch.qos.logback.core.rolling.SizeAndTimeBasedFNATP@acf859d - For more information see http://logback.qos.ch/manual/appenders.html#SizeAndTimeBasedRollingPolicy
17:06:36,349 |-INFO in ch.qos.logback.core.rolling.RollingFileAppender[REQUEST_RESPONSE_FILE_APPENDER] - Active log file name: LOGS/request-response-logger.log
17:06:36,349 |-INFO in ch.qos.logback.core.rolling.RollingFileAppender[REQUEST_RESPONSE_FILE_APPENDER] - File property is set to [LOGS/request-response-logger.log]
17:06:36,349 |-INFO in ch.qos.logback.classic.model.processor.RootLoggerModelHandler - Setting level of ROOT logger to INFO
17:06:36,350 |-INFO in ch.qos.logback.classic.jul.LevelChangePropagator@6df3e44c - Propagating INFO level on Logger[ROOT] onto the JUL framework
17:06:36,350 |-INFO in ch.qos.logback.core.model.processor.AppenderRefModelHandler - Attaching appender named [FILE_APPENDER] to Logger[ROOT]
17:06:36,350 |-INFO in ch.qos.logback.core.model.processor.AppenderRefModelHandler - Attaching appender named [CONSOLE] to Logger[ROOT]
17:06:36,350 |-INFO in ch.qos.logback.classic.model.processor.LoggerModelHandler - Setting level of logger [org.javaguru.travel.insurance.rest.logger.EventLoggerTravelCalculatePremiumRequest] to INFO
17:06:36,350 |-INFO in ch.qos.logback.classic.jul.LevelChangePropagator@6df3e44c - Propagating INFO level on Logger[org.javaguru.travel.insurance.rest.logger.EventLoggerTravelCalculatePremiumRequest] onto the JUL framework
17:06:36,350 |-INFO in ch.qos.logback.core.model.processor.AppenderRefModelHandler - Attaching appender named [REQUEST_RESPONSE_FILE_APPENDER] to Logger[org.javaguru.travel.insurance.rest.logger.EventLoggerTravelCalculatePremiumRequest]
17:06:36,350 |-INFO in ch.qos.logback.classic.model.processor.LoggerModelHandler - Setting level of logger [org.javaguru.travel.insurance.rest.logger.EventLoggerTravelCalculatePremiumResponse] to INFO
17:06:36,350 |-INFO in ch.qos.logback.classic.jul.LevelChangePropagator@6df3e44c - Propagating INFO level on Logger[org.javaguru.travel.insurance.rest.logger.EventLoggerTravelCalculatePremiumResponse] onto the JUL framework
17:06:36,350 |-INFO in ch.qos.logback.core.model.processor.AppenderRefModelHandler - Attaching appender named [REQUEST_RESPONSE_FILE_APPENDER] to Logger[org.javaguru.travel.insurance.rest.logger.EventLoggerTravelCalculatePremiumResponse]
17:06:36,350 |-INFO in ch.qos.logback.core.model.processor.DefaultProcessor@7ce7e83c - End of configuration.
17:06:36,350 |-INFO in org.springframework.boot.logging.logback.SpringBootJoranConfigurator@4a05d8ae - Registering current configuration as safe fallback point


  .   ____          _            __ _ _
 /\\ / ___'_ __ _ _(_)_ __  __ _ \ \ \ \
( ( )\___ | '_ | '_| | '_ \/ _` | \ \ \ \
 \\/  ___)| |_)| | | | | || (_| |  ) ) ) )
  '  |____| .__|_| |_|_| |_\__, | / / / /
 =========|_|==============|___/=/_/_/_/
?[32m :: Spring Boot :: ?[39m              ?[2m (v3.2.5)?[0;39m

17:06:36.437 [Test worker] ?[34mINFO ?[0;39m ?[36mo.j.t.i.c.r.AgeCoefficientRepositoryTest?[0;39m – Starting AgeCoefficientRepositoryTest using Java 22.0.1 with PID 28255 (started by a--- in /Users/a---/Desktop/My files/intelliJ IDEA FILE/InsurancePremiumServiceV2/V2)
17:06:36.438 [Test worker] ?[34mINFO ?[0;39m ?[36mo.j.t.i.c.r.AgeCoefficientRepositoryTest?[0;39m – No active profile set, falling back to 1 default profile: "default"
17:06:36.675 [Test worker] ?[34mINFO ?[0;39m ?[36mo.s.d.r.c.RepositoryConfigurationDelegate?[0;39m – Bootstrapping Spring Data JPA repositories in DEFAULT mode.
17:06:36.713 [Test worker] ?[34mINFO ?[0;39m ?[36mo.s.d.r.c.RepositoryConfigurationDelegate?[0;39m – Finished Spring Data repository scanning in 30 ms. Found 5 JPA repository interfaces.
17:06:36.740 [Test worker] ?[34mINFO ?[0;39m ?[36mo.s.b.t.a.j.TestDatabaseAutoConfiguration$EmbeddedDataSourceBeanFactoryPostProcessor?[0;39m – Replacing 'dataSource' DataSource bean with embedded version
17:06:36.809 [Test worker] ?[34mINFO ?[0;39m ?[36mo.s.j.d.e.EmbeddedDatabaseFactory?[0;39m – Starting embedded database: url='jdbc:h2:mem:43f91770-13e3-4da0-a674-e5df93e7b188;DB_CLOSE_DELAY=-1;DB_CLOSE_ON_EXIT=false', username='sa'
17:06:36.981 [Test worker] ?[34mINFO ?[0;39m ?[36mo.h.jpa.internal.util.LogHelper?[0;39m – HHH000204: Processing PersistenceUnitInfo [name: default]
17:06:37.019 [Test worker] ?[34mINFO ?[0;39m ?[36morg.hibernate.Version?[0;39m – HHH000412: Hibernate ORM core version 6.5.0.Final
17:06:37.036 [Test worker] ?[34mINFO ?[0;39m ?[36mo.h.c.i.RegionFactoryInitiator?[0;39m – HHH000026: Second-level cache disabled
17:06:37.133 [Test worker] ?[34mINFO ?[0;39m ?[36mo.s.o.j.p.SpringPersistenceUnitInfo?[0;39m – No LoadTimeWeaver setup: ignoring JPA class transformer
17:06:37.157 [Test worker] ?[31mWARN ?[0;39m ?[36morg.hibernate.orm.deprecation?[0;39m – HHH90000025: H2Dialect does not need to be specified explicitly using 'hibernate.dialect' (remove the property setting and it will be selected by default)
17:06:37.567 [Test worker] ?[34mINFO ?[0;39m ?[36mo.h.e.t.j.p.i.JtaPlatformInitiator?[0;39m – HHH000489: No JTA platform available (set 'hibernate.transaction.jta.platform' to enable JTA platform integration)
17:06:37.583 [Test worker] ?[34mINFO ?[0;39m ?[36mo.s.o.j.LocalContainerEntityManagerFactoryBean?[0;39m – Initialized JPA EntityManagerFactory for persistence unit 'default'
17:06:37.737 [Test worker] ?[34mINFO ?[0;39m ?[36mo.s.d.j.r.query.QueryEnhancerFactory?[0;39m – Hibernate is in classpath; If applicable, HQL parser will be used.
17:06:38.007 [Test worker] ?[34mINFO ?[0;39m ?[36mo.j.t.i.c.r.AgeCoefficientRepositoryTest?[0;39m – Started AgeCoefficientRepositoryTest in 1.746 seconds (process running for 2.393)
Hibernate: select ac1_0.id,ac1_0.age_from,ac1_0.age_to,ac1_0.coefficient from age_coefficient ac1_0 where ac1_0.age_from<=? and ac1_0.age_to>=?
Hibernate: select ac1_0.id,ac1_0.age_from,ac1_0.age_to,ac1_0.coefficient from age_coefficient ac1_0 where ac1_0.age_from<=? and ac1_0.age_to>=?
Hibernate: select ac1_0.id,ac1_0.age_from,ac1_0.age_to,ac1_0.coefficient from age_coefficient ac1_0 where ac1_0.age_from<=? and ac1_0.age_to>=?
Hibernate: select ac1_0.id,ac1_0.age_from,ac1_0.age_to,ac1_0.coefficient from age_coefficient ac1_0 where ac1_0.age_from<=? and ac1_0.age_to>=?
Hibernate: select ac1_0.id,ac1_0.age_from,ac1_0.age_to,ac1_0.coefficient from age_coefficient ac1_0 where ac1_0.age_from<=? and ac1_0.age_to>=?
Hibernate: select ac1_0.id,ac1_0.age_from,ac1_0.age_to,ac1_0.coefficient from age_coefficient ac1_0 where ac1_0.age_from<=? and ac1_0.age_to>=?
Hibernate: select ac1_0.id,ac1_0.age_from,ac1_0.age_to,ac1_0.coefficient from age_coefficient ac1_0 where ac1_0.age_from<=? and ac1_0.age_to>=?
]]></system-out>
  <system-err><![CDATA[Mockito is currently self-attaching to enable the inline-mock-maker. This will no longer work in future releases of the JDK. Please add Mockito as an agent to your build as described in Mockito's documentation: https://javadoc.io/doc/org.mockito/mockito-core/latest/org/mockito/Mockito.html#0.3
WARNING: A Java agent has been loaded dynamically (/Users/a---/.gradle/caches/modules-2/files-2.1/net.bytebuddy/byte-buddy-agent/1.15.11/a38b16385e867f59a641330f0362ebe742788ed8/byte-buddy-agent-1.15.11.jar)
WARNING: If a serviceability tool is in use, please run with -XX:+EnableDynamicAgentLoading to hide this warning
WARNING: If a serviceability tool is not in use, please run with -Djdk.instrument.traceUsage for more information
WARNING: Dynamic loading of agents will be disallowed by default in a future release
]]></system-err>
</testsuite>
